<?xml version="1.0" encoding="UTF-8"?>
<!-- Generated by org.testng.reporters.JUnitReportReporter -->
<testsuite hostname="BANL11b18a2d9.local" name="com.twitter.config.loader.factory.PropertyFactoryTest" tests="4" failures="0" timestamp="9 Jul 2015 18:04:35 GMT" time="0.004" errors="0">
  <testcase name="testPropertyFactoryEmptyValue" time="0.001" classname="com.twitter.config.loader.factory.PropertyFactoryTest"/>
  <testcase name="testPropertyFactoryNullKey" time="0.001" classname="com.twitter.config.loader.factory.PropertyFactoryTest"/>
  <testcase name="testPropertyFactorySuccess" time="0.002" classname="com.twitter.config.loader.factory.PropertyFactoryTest"/>
  <testcase name="testPropertyFactoryNullValue" time="0.000" classname="com.twitter.config.loader.factory.PropertyFactoryTest"/>
</testsuite>
