<?xml version="1.0" encoding="UTF-8"?>
<!-- Generated by org.testng.reporters.JUnitReportReporter -->
<testsuite hostname="BANL11b18a2d9.local" name="com.twitter.config.models.ConfigTest" tests="8" failures="0" timestamp="9 Jul 2015 18:04:35 GMT" time="0.015" errors="0">
  <testcase name="testGetPropertyWithInvalidKeyNegativeTest" time="0.002" classname="com.twitter.config.models.ConfigTest"/>
  <testcase name="testLoadSamplePropertyInvalidFilePathNegativeTest" time="0.001" classname="com.twitter.config.models.ConfigTest"/>
  <testcase name="testLoadSamplePropertyEmptyFilePathNegativeTest" time="0.001" classname="com.twitter.config.models.ConfigTest"/>
  <testcase name="testLoadSamplePropertyNullFilePathNegativeTest" time="0.002" classname="com.twitter.config.models.ConfigTest"/>
  <testcase name="testLoadInvalidPropertyDefFileNegativeTest" time="0.002" classname="com.twitter.config.models.ConfigTest"/>
  <testcase name="testLoadEmptyPropertyGroupFileNegativeTest" time="0.002" classname="com.twitter.config.models.ConfigTest"/>
  <testcase name="testLoadSamplePropertyWithoutOverrideFilePositiveTest" time="0.002" classname="com.twitter.config.models.ConfigTest"/>
  <testcase name="testLoadSamplePropertyWithOverridesFilePositiveTest" time="0.003" classname="com.twitter.config.models.ConfigTest"/>
</testsuite>
